<?xml version="1.0" encoding="UTF-8"?>
<!-- Generated by org.testng.reporters.JUnitXMLReporter -->
<testsuite ignored="0" hostname="DESKTOP-35PKLNE" failures="0" tests="3" name="Parallel Test 2" time="25.945" errors="0" timestamp="2021-03-12T20:16:39 CET">
  <testcase classname="HomePageTest" name="verifyAccountName" time="0.032"/>
  <testcase classname="HomePageTest" name="verifyHeader" time="0.855"/>
  <testcase classname="HomePageTest" name="verifyHomePageTitle" time="0.811"/>
</testsuite> <!-- Parallel Test 2 -->
