<?xml version="1.0" encoding="UTF-8"?>
<!-- Generated by org.testng.reporters.JUnitXMLReporter -->
<testsuite ignored="0" hostname="DESKTOP-35PKLNE" failures="0" tests="3" name="Parallel Suite" time="29.359" errors="0" timestamp="2021-03-12T20:16:13 CET">
  <testcase classname="HomePageTest" name="verifyAccountName" time="0.205"/>
  <testcase classname="HomePageTest" name="verifyHeader" time="0.857"/>
  <testcase classname="HomePageTest" name="verifyHomePageTitle" time="0.02"/>
</testsuite> <!-- Parallel Suite -->
