<?xml version="1.0" encoding="UTF-8"?>
<!-- Generated by org.testng.reporters.JUnitXMLReporter -->
<testsuite ignored="0" hostname="DESKTOP-35PKLNE" failures="1" tests="3" name="SmokeTest" time="42.89" errors="0" timestamp="2021-03-11T20:45:23 CET">
  <testcase classname="LoginPageTest" name="verifyTitle" time="0.134">
    <failure type="java.lang.AssertionError" message="expected [OrangeHRM!] but found [OrangeHRM]">
      <![CDATA[java.lang.AssertionError: expected [OrangeHRM!] but found [OrangeHRM]
at LoginPageTest.verifyTitle(LoginPageTest.java:43)
at java.base/java.util.concurrent.ThreadPoolExecutor.runWorker(ThreadPoolExecutor.java:1130)
at java.base/java.util.concurrent.ThreadPoolExecutor$Worker.run(ThreadPoolExecutor.java:630)
at java.base/java.lang.Thread.run(Thread.java:832)
... Removed 18 stack frames]]>
    </failure>
  </testcase> <!-- verifyTitle -->
  <testcase classname="LoginPageTest" name="loginTest" time="3.317"/>
  <testcase classname="LoginPageTest" name="loginTest2" time="2.862"/>
</testsuite> <!-- SmokeTest -->
