<?xml version="1.0" encoding="UTF-8"?>
<!-- Generated by org.testng.reporters.JUnitReportReporter -->
<testsuite hostname="DESKTOP-35PKLNE" failures="0" tests="3" name="HomePageTest" time="32.926" errors="0" timestamp="2021-03-17T20:21:44 CET" skipped="0">
  <testcase classname="HomePageTest" name="verifyHeader" time="10.065"/>
  <system-out/>
  <testcase classname="HomePageTest" name="verifyAccountName" time="9.369"/>
  <system-out/>
  <testcase classname="HomePageTest" name="verifyHomePageTitle" time="13.492"/>
  <system-out/>
</testsuite> <!-- HomePageTest -->
