<?xml version="1.0" encoding="UTF-8"?>
<!-- Generated by org.testng.reporters.JUnitReportReporter -->
<testsuite hostname="DESKTOP-35PKLNE" failures="0" tests="2" name="PersonalDetailsTest" time="24.240" errors="0" timestamp="2021-03-06T00:56:01 CET" skipped="1">
  <testcase classname="PersonalDetailsTest" name="verifyEditPageTitle" time="24.240"/>
  <system-out/>
  <testcase classname="PersonalDetailsTest" name="createNewContactTest" time="0.000">
    <skipped/>
  </testcase> <!-- createNewContactTest -->
  <system-out/>
</testsuite> <!-- PersonalDetailsTest -->
